{"uuid":"28769675-e3e5-43d6-94ea-e7abe1a69dd2","name":"Scenario: Login With Mobile number","children":["56ac5867-21bb-4ad1-94f6-0be677aa5197"],"befores":[{"name":"ParallelPackege.ApplicationHooks.getProperty()","status":"passed","stage":"finished","steps":[],"attachments":[],"parameters":[],"start":1695273142683,"stop":1695273142690},{"name":"ParallelPackege.ApplicationHooks.launchbrowser()","status":"broken","statusDetails":{"known":false,"muted":false,"flaky":false,"message":"BEFORE is failed: Could not start a new session. Response code 500. Message: session not created\nfrom no such execution context: uniqueContextId not found\n  (Session info: chrome=116.0.5845.188) \nHost info: host: 'DESKTOP-BLCFFFL', ip: '192.168.0.130'\nBuild info: version: '4.12.0', revision: '249f2a7d1b*'\nSystem info: os.name: 'Windows 11', os.arch: 'amd64', os.version: '10.0', java.version: '17.0.8'\nDriver info: org.openqa.selenium.chrome.ChromeDriver\nCommand: [null, newSession {capabilities=[Capabilities {browserName: chrome, goog:chromeOptions: {args: [incognito, --remote-allow-origins=*], binary: C:\\Program Files\\Google\\Chr..., extensions: []}}]}]","trace":"org.openqa.selenium.SessionNotCreatedException: Could not start a new session. Response code 500. Message: session not created\nfrom no such execution context: uniqueContextId not found\n  (Session info: chrome=116.0.5845.188) \nHost info: host: 'DESKTOP-BLCFFFL', ip: '192.168.0.130'\nBuild info: version: '4.12.0', revision: '249f2a7d1b*'\nSystem info: os.name: 'Windows 11', os.arch: 'amd64', os.version: '10.0', java.version: '17.0.8'\nDriver info: org.openqa.selenium.chrome.ChromeDriver\nCommand: [null, newSession {capabilities=[Capabilities {browserName: chrome, goog:chromeOptions: {args: [incognito, --remote-allow-origins=*], binary: C:\\Program Files\\Google\\Chr..., extensions: []}}]}]\r\n\tat org.openqa.selenium.remote.ProtocolHandshake.createSession(ProtocolHandshake.java:140)\r\n\tat org.openqa.selenium.remote.ProtocolHandshake.createSession(ProtocolHandshake.java:96)\r\n\tat org.openqa.selenium.remote.ProtocolHandshake.createSession(ProtocolHandshake.java:68)\r\n\tat org.openqa.selenium.remote.HttpCommandExecutor.execute(HttpCommandExecutor.java:163)\r\n\tat org.openqa.selenium.remote.service.DriverCommandExecutor.invokeExecute(DriverCommandExecutor.java:196)\r\n\tat org.openqa.selenium.remote.service.DriverCommandExecutor.execute(DriverCommandExecutor.java:171)\r\n\tat org.openqa.selenium.remote.RemoteWebDriver.execute(RemoteWebDriver.java:602)\r\n\tat org.openqa.selenium.remote.RemoteWebDriver.startSession(RemoteWebDriver.java:236)\r\n\tat org.openqa.selenium.remote.RemoteWebDriver.<init>(RemoteWebDriver.java:163)\r\n\tat org.openqa.selenium.chromium.ChromiumDriver.<init>(ChromiumDriver.java:108)\r\n\tat org.openqa.selenium.chrome.ChromeDriver.<init>(ChromeDriver.java:88)\r\n\tat org.openqa.selenium.chrome.ChromeDriver.<init>(ChromeDriver.java:83)\r\n\tat org.openqa.selenium.chrome.ChromeDriver.<init>(ChromeDriver.java:72)\r\n\tat factory.DriverFactory.initializeBrowser(DriverFactory.java:35)\r\n\tat ParallelPackege.ApplicationHooks.launchbrowser(ApplicationHooks.java:31)\r\n"},"stage":"finished","steps":[],"attachments":[],"parameters":[],"start":1695273142692,"stop":1695273148150}],"afters":[{"name":"ParallelPackege.ApplicationHooks.tearDown(io.cucumber.java.Scenario)","status":"broken","statusDetails":{"known":false,"muted":false,"flaky":false,"message":"AFTER is failed: Cannot invoke \"org.openqa.selenium.TakesScreenshot.getScreenshotAs(org.openqa.selenium.OutputType)\" because \"this.driver\" is null","trace":"java.lang.NullPointerException: Cannot invoke \"org.openqa.selenium.TakesScreenshot.getScreenshotAs(org.openqa.selenium.OutputType)\" because \"this.driver\" is null\r\n\tat ParallelPackege.ApplicationHooks.tearDown(ApplicationHooks.java:41)\r\n"},"stage":"finished","steps":[],"attachments":[],"parameters":[],"start":1695273148202,"stop":1695273148213},{"name":"ParallelPackege.ApplicationHooks.quitBrowser()","status":"broken","statusDetails":{"known":false,"muted":false,"flaky":false,"message":"AFTER is failed: Cannot invoke \"org.openqa.selenium.WebDriver.quit()\" because \"this.driver\" is null","trace":"java.lang.NullPointerException: Cannot invoke \"org.openqa.selenium.WebDriver.quit()\" because \"this.driver\" is null\r\n\tat ParallelPackege.ApplicationHooks.quitBrowser(ApplicationHooks.java:36)\r\n"},"stage":"finished","steps":[],"attachments":[],"parameters":[],"start":1695273148214,"stop":1695273148216}],"start":1695273142676,"stop":1695273148222}