{"uuid":"59c301da-c297-4958-abe8-ee788c6e6854","name":"Scenario: User Chooses the Loksabha data entry","children":["80b3ce67-4f4d-40fe-a9ee-96dd46739151"],"befores":[{"name":"ParallelPackege.ApplicationHooks.getProperty()","status":"passed","stage":"finished","steps":[],"attachments":[],"parameters":[],"start":1695235334266,"stop":1695235334270},{"name":"ParallelPackege.ApplicationHooks.launchbrowser()","status":"broken","statusDetails":{"known":false,"muted":false,"flaky":false,"message":"BEFORE is failed: Could not start a new session. Response code 500. Message: session not created\nfrom no such execution context: uniqueContextId not found\n  (Session info: chrome=116.0.5845.188) \nHost info: host: 'DESKTOP-BLCFFFL', ip: '192.168.0.103'\nBuild info: version: '4.12.0', revision: '249f2a7d1b*'\nSystem info: os.name: 'Windows 11', os.arch: 'amd64', os.version: '10.0', java.version: '17.0.8'\nDriver info: org.openqa.selenium.chrome.ChromeDriver\nCommand: [null, newSession {capabilities=[Capabilities {browserName: chrome, goog:chromeOptions: {args: [incognito, --remote-allow-origins=*], binary: C:\\Program Files\\Google\\Chr..., extensions: []}}]}]","trace":"org.openqa.selenium.SessionNotCreatedException: Could not start a new session. Response code 500. Message: session not created\nfrom no such execution context: uniqueContextId not found\n  (Session info: chrome=116.0.5845.188) \nHost info: host: 'DESKTOP-BLCFFFL', ip: '192.168.0.103'\nBuild info: version: '4.12.0', revision: '249f2a7d1b*'\nSystem info: os.name: 'Windows 11', os.arch: 'amd64', os.version: '10.0', java.version: '17.0.8'\nDriver info: org.openqa.selenium.chrome.ChromeDriver\nCommand: [null, newSession {capabilities=[Capabilities {browserName: chrome, goog:chromeOptions: {args: [incognito, --remote-allow-origins=*], binary: C:\\Program Files\\Google\\Chr..., extensions: []}}]}]\r\n\tat org.openqa.selenium.remote.ProtocolHandshake.createSession(ProtocolHandshake.java:140)\r\n\tat org.openqa.selenium.remote.ProtocolHandshake.createSession(ProtocolHandshake.java:96)\r\n\tat org.openqa.selenium.remote.ProtocolHandshake.createSession(ProtocolHandshake.java:68)\r\n\tat org.openqa.selenium.remote.HttpCommandExecutor.execute(HttpCommandExecutor.java:163)\r\n\tat org.openqa.selenium.remote.service.DriverCommandExecutor.invokeExecute(DriverCommandExecutor.java:196)\r\n\tat org.openqa.selenium.remote.service.DriverCommandExecutor.execute(DriverCommandExecutor.java:171)\r\n\tat org.openqa.selenium.remote.RemoteWebDriver.execute(RemoteWebDriver.java:602)\r\n\tat org.openqa.selenium.remote.RemoteWebDriver.startSession(RemoteWebDriver.java:236)\r\n\tat org.openqa.selenium.remote.RemoteWebDriver.<init>(RemoteWebDriver.java:163)\r\n\tat org.openqa.selenium.chromium.ChromiumDriver.<init>(ChromiumDriver.java:108)\r\n\tat org.openqa.selenium.chrome.ChromeDriver.<init>(ChromeDriver.java:88)\r\n\tat org.openqa.selenium.chrome.ChromeDriver.<init>(ChromeDriver.java:83)\r\n\tat org.openqa.selenium.chrome.ChromeDriver.<init>(ChromeDriver.java:72)\r\n\tat factory.DriverFactory.initializeBrowser(DriverFactory.java:35)\r\n\tat ParallelPackege.ApplicationHooks.launchbrowser(ApplicationHooks.java:31)\r\n"},"stage":"finished","steps":[],"attachments":[],"parameters":[],"start":1695235334274,"stop":1695235350596}],"afters":[{"name":"ParallelPackege.ApplicationHooks.tearDown(io.cucumber.java.Scenario)","status":"broken","statusDetails":{"known":false,"muted":false,"flaky":false,"message":"AFTER is failed: Cannot invoke \"org.openqa.selenium.TakesScreenshot.getScreenshotAs(org.openqa.selenium.OutputType)\" because \"this.driver\" is null","trace":"java.lang.NullPointerException: Cannot invoke \"org.openqa.selenium.TakesScreenshot.getScreenshotAs(org.openqa.selenium.OutputType)\" because \"this.driver\" is null\r\n\tat ParallelPackege.ApplicationHooks.tearDown(ApplicationHooks.java:41)\r\n"},"stage":"finished","steps":[],"attachments":[],"parameters":[],"start":1695235350614,"stop":1695235350615},{"name":"ParallelPackege.ApplicationHooks.quitBrowser()","status":"broken","statusDetails":{"known":false,"muted":false,"flaky":false,"message":"AFTER is failed: Cannot invoke \"org.openqa.selenium.WebDriver.quit()\" because \"this.driver\" is null","trace":"java.lang.NullPointerException: Cannot invoke \"org.openqa.selenium.WebDriver.quit()\" because \"this.driver\" is null\r\n\tat ParallelPackege.ApplicationHooks.quitBrowser(ApplicationHooks.java:36)\r\n"},"stage":"finished","steps":[],"attachments":[],"parameters":[],"start":1695235350615,"stop":1695235350615}],"start":1695235334261,"stop":1695235350630}