{"uuid":"c312db98-c944-4ee2-87d8-958dbbf94e70","historyId":"cbcd96ac97869dbfb2f85fa810ca3d87","fullName":"src/src/test/resurces/ParallelPackege/Homepage.feature:8","labels":[{"name":"host","value":"DESKTOP-BLCFFFL"},{"name":"thread","value":"1772@DESKTOP-BLCFFFL.TestNG-PoolService-3(23)"},{"name":"feature","value":"Homepage Feature"},{"name":"story","value":"Profile page section"},{"name":"suite","value":"Homepage Feature"},{"name":"testClass","value":"Profile page section"},{"name":"framework","value":"cucumber4jvm"},{"name":"language","value":"java"},{"name":"gherkin_uri","value":"file:///C:/saral_web_automation/src/src/test/resurces/ParallelPackege/Homepage.feature"},{"name":"package","value":"src.src.test.resurces.ParallelPackege.Homepage_feature.Homepage Feature"}],"links":[],"name":"Profile page section","status":"broken","statusDetails":{"known":false,"muted":false,"flaky":false,"message":"Expected condition failed: waiting for visibility of element located by By.xpath: //*[name()='path' and contains(@d,'M0 15C0 6.')] (tried for 30 second(s) with 500 milliseconds interval)\nBuild info: version: '4.12.0', revision: '249f2a7d1b*'\nSystem info: os.name: 'Windows 11', os.arch: 'amd64', os.version: '10.0', java.version: '17.0.8'\nDriver info: org.openqa.selenium.chrome.ChromeDriver\nCapabilities {acceptInsecureCerts: false, browserName: chrome, browserVersion: 116.0.5845.188, chrome: {chromedriverVersion: 116.0.5845.96 (1a3918166880..., userDataDir: C:\\Users\\user\\AppData\\Local...}, fedcm:accounts: true, goog:chromeOptions: {debuggerAddress: localhost:55379}, networkConnectionEnabled: false, pageLoadStrategy: normal, platformName: windows, proxy: Proxy(), se:cdp: ws://localhost:55379/devtoo..., se:cdpVersion: 116.0.5845.188, setWindowRect: true, strictFileInteractability: false, timeouts: {implicit: 0, pageLoad: 300000, script: 30000}, unhandledPromptBehavior: dismiss and notify, webauthn:extension:credBlob: true, webauthn:extension:largeBlob: true, webauthn:extension:minPinLength: true, webauthn:extension:prf: true, webauthn:virtualAuthenticators: true}\nSession ID: 37fe4289bbc6cf61db2255bd26a2b240","trace":"org.openqa.selenium.TimeoutException: Expected condition failed: waiting for visibility of element located by By.xpath: //*[name()='path' and contains(@d,'M0 15C0 6.')] (tried for 30 second(s) with 500 milliseconds interval)\nBuild info: version: '4.12.0', revision: '249f2a7d1b*'\nSystem info: os.name: 'Windows 11', os.arch: 'amd64', os.version: '10.0', java.version: '17.0.8'\nDriver info: org.openqa.selenium.chrome.ChromeDriver\nCapabilities {acceptInsecureCerts: false, browserName: chrome, browserVersion: 116.0.5845.188, chrome: {chromedriverVersion: 116.0.5845.96 (1a3918166880..., userDataDir: C:\\Users\\user\\AppData\\Local...}, fedcm:accounts: true, goog:chromeOptions: {debuggerAddress: localhost:55379}, networkConnectionEnabled: false, pageLoadStrategy: normal, platformName: windows, proxy: Proxy(), se:cdp: ws://localhost:55379/devtoo..., se:cdpVersion: 116.0.5845.188, setWindowRect: true, strictFileInteractability: false, timeouts: {implicit: 0, pageLoad: 300000, script: 30000}, unhandledPromptBehavior: dismiss and notify, webauthn:extension:credBlob: true, webauthn:extension:largeBlob: true, webauthn:extension:minPinLength: true, webauthn:extension:prf: true, webauthn:virtualAuthenticators: true}\nSession ID: 37fe4289bbc6cf61db2255bd26a2b240\r\n\tat org.openqa.selenium.support.ui.WebDriverWait.timeoutException(WebDriverWait.java:84)\r\n\tat org.openqa.selenium.support.ui.FluentWait.until(FluentWait.java:230)\r\n\tat Staging.pakages.ElementUtils.clickElementByLocator(ElementUtils.java:40)\r\n\tat Staging.Pages.HomePage.ProfileSection(HomePage.java:37)\r\n\tat ParallelPackege.AbhiyanDataEntrySteps.user_gets_the_user_name(AbhiyanDataEntrySteps.java:55)\r\n\tat ✽.user gets the user name(file:///C:/saral_web_automation/src/src/test/resurces/ParallelPackege/Homepage.feature:11)\r\n"},"stage":"finished","steps":[{"name":"Given  User has already logged into the Saral","status":"passed","statusDetails":{"known":false,"muted":false,"flaky":false},"stage":"finished","steps":[],"attachments":[{"name":"Data table","source":"13a673c9-8bc4-442c-bbf0-3712fce03516-attachment.csv","type":"text/tab-separated-values"}],"parameters":[],"start":1695288250200,"stop":1695288260604},{"name":"Given  User is on Homepage","status":"passed","statusDetails":{"known":false,"muted":false,"flaky":false},"stage":"finished","steps":[],"attachments":[],"parameters":[],"start":1695288260606,"stop":1695288260619},{"name":"When  user click on profile page","status":"passed","statusDetails":{"known":false,"muted":false,"flaky":false},"stage":"finished","steps":[],"attachments":[],"parameters":[],"start":1695288260619,"stop":1695288260637},{"name":"Then  user gets the user name","status":"broken","statusDetails":{"known":false,"muted":false,"flaky":false,"message":"Expected condition failed: waiting for visibility of element located by By.xpath: //*[name()='path' and contains(@d,'M0 15C0 6.')] (tried for 30 second(s) with 500 milliseconds interval)\nBuild info: version: '4.12.0', revision: '249f2a7d1b*'\nSystem info: os.name: 'Windows 11', os.arch: 'amd64', os.version: '10.0', java.version: '17.0.8'\nDriver info: org.openqa.selenium.chrome.ChromeDriver\nCapabilities {acceptInsecureCerts: false, browserName: chrome, browserVersion: 116.0.5845.188, chrome: {chromedriverVersion: 116.0.5845.96 (1a3918166880..., userDataDir: C:\\Users\\user\\AppData\\Local...}, fedcm:accounts: true, goog:chromeOptions: {debuggerAddress: localhost:55379}, networkConnectionEnabled: false, pageLoadStrategy: normal, platformName: windows, proxy: Proxy(), se:cdp: ws://localhost:55379/devtoo..., se:cdpVersion: 116.0.5845.188, setWindowRect: true, strictFileInteractability: false, timeouts: {implicit: 0, pageLoad: 300000, script: 30000}, unhandledPromptBehavior: dismiss and notify, webauthn:extension:credBlob: true, webauthn:extension:largeBlob: true, webauthn:extension:minPinLength: true, webauthn:extension:prf: true, webauthn:virtualAuthenticators: true}\nSession ID: 37fe4289bbc6cf61db2255bd26a2b240","trace":"org.openqa.selenium.TimeoutException: Expected condition failed: waiting for visibility of element located by By.xpath: //*[name()='path' and contains(@d,'M0 15C0 6.')] (tried for 30 second(s) with 500 milliseconds interval)\nBuild info: version: '4.12.0', revision: '249f2a7d1b*'\nSystem info: os.name: 'Windows 11', os.arch: 'amd64', os.version: '10.0', java.version: '17.0.8'\nDriver info: org.openqa.selenium.chrome.ChromeDriver\nCapabilities {acceptInsecureCerts: false, browserName: chrome, browserVersion: 116.0.5845.188, chrome: {chromedriverVersion: 116.0.5845.96 (1a3918166880..., userDataDir: C:\\Users\\user\\AppData\\Local...}, fedcm:accounts: true, goog:chromeOptions: {debuggerAddress: localhost:55379}, networkConnectionEnabled: false, pageLoadStrategy: normal, platformName: windows, proxy: Proxy(), se:cdp: ws://localhost:55379/devtoo..., se:cdpVersion: 116.0.5845.188, setWindowRect: true, strictFileInteractability: false, timeouts: {implicit: 0, pageLoad: 300000, script: 30000}, unhandledPromptBehavior: dismiss and notify, webauthn:extension:credBlob: true, webauthn:extension:largeBlob: true, webauthn:extension:minPinLength: true, webauthn:extension:prf: true, webauthn:virtualAuthenticators: true}\nSession ID: 37fe4289bbc6cf61db2255bd26a2b240\r\n\tat org.openqa.selenium.support.ui.WebDriverWait.timeoutException(WebDriverWait.java:84)\r\n\tat org.openqa.selenium.support.ui.FluentWait.until(FluentWait.java:230)\r\n\tat Staging.pakages.ElementUtils.clickElementByLocator(ElementUtils.java:40)\r\n\tat Staging.Pages.HomePage.ProfileSection(HomePage.java:37)\r\n\tat ParallelPackege.AbhiyanDataEntrySteps.user_gets_the_user_name(AbhiyanDataEntrySteps.java:55)\r\n\tat ✽.user gets the user name(file:///C:/saral_web_automation/src/src/test/resurces/ParallelPackege/Homepage.feature:11)\r\n"},"stage":"finished","steps":[],"attachments":[],"parameters":[],"start":1695288260638,"stop":1695288290772}],"attachments":[],"parameters":[],"start":1695288245495,"stop":1695288292018}